[2018-05-09 13:37:06] INFO [main] ContextStartEventHandler.onApplicationEvent(21) | context start applicationorg.springframework.jdbc.datasource.DriverManagerDataSource@4d847d32
[2018-05-09 13:40:58] INFO [main] ContextStartEventHandler.onApplicationEvent(21) | context start applicationorg.springframework.jdbc.datasource.DriverManagerDataSource@4d97d12e
[2018-05-09 13:54:48] INFO [main] ContextStartEventHandler.onApplicationEvent(26) | context start applicationorg.springframework.jdbc.datasource.DriverManagerDataSource@75c1b26e
[2018-05-09 13:54:48] ERROR [main] ContextStartEventHandler.onApplicationEvent(32) | java.sql.SQLSyntaxErrorException: You have an error in your SQL syntax; check the manual that corresponds to your MariaDB server version for the right syntax to use near 'generated always as identity (start with 1, increment by 1), name varchar(100))' at line 1
java.sql.SQLSyntaxErrorException: You have an error in your SQL syntax; check the manual that corresponds to your MariaDB server version for the right syntax to use near 'generated always as identity (start with 1, increment by 1), name varchar(100))' at line 1
	at com.mysql.cj.jdbc.exceptions.SQLError.createSQLException(SQLError.java:536)
	at com.mysql.cj.jdbc.exceptions.SQLError.createSQLException(SQLError.java:513)
	at com.mysql.cj.jdbc.exceptions.SQLExceptionsMapping.translateException(SQLExceptionsMapping.java:115)
	at com.mysql.cj.jdbc.ConnectionImpl.execSQL(ConnectionImpl.java:1983)
	at com.mysql.cj.jdbc.StatementImpl.executeUpdateInternal(StatementImpl.java:1603)
	at com.mysql.cj.jdbc.StatementImpl.executeLargeUpdate(StatementImpl.java:2631)
	at com.mysql.cj.jdbc.StatementImpl.executeUpdate(StatementImpl.java:1529)
	at edu.hanoi.jazz.ContextStartEventHandler.createTable(ContextStartEventHandler.java:43)
	at edu.hanoi.jazz.ContextStartEventHandler.onApplicationEvent(ContextStartEventHandler.java:28)
	at edu.hanoi.jazz.ContextStartEventHandler.onApplicationEvent(ContextStartEventHandler.java:1)
	at org.springframework.context.event.SimpleApplicationEventMulticaster.doInvokeListener(SimpleApplicationEventMulticaster.java:172)
	at org.springframework.context.event.SimpleApplicationEventMulticaster.invokeListener(SimpleApplicationEventMulticaster.java:165)
	at org.springframework.context.event.SimpleApplicationEventMulticaster.multicastEvent(SimpleApplicationEventMulticaster.java:139)
	at org.springframework.context.support.AbstractApplicationContext.publishEvent(AbstractApplicationContext.java:400)
	at org.springframework.context.support.AbstractApplicationContext.publishEvent(AbstractApplicationContext.java:354)
	at org.springframework.context.support.AbstractApplicationContext.start(AbstractApplicationContext.java:1320)
	at edu.hanoi.jazz.SpringJazzApplication.main(SpringJazzApplication.java:14)
	at sun.reflect.NativeMethodAccessorImpl.invoke0(Native Method)
	at sun.reflect.NativeMethodAccessorImpl.invoke(NativeMethodAccessorImpl.java:62)
	at sun.reflect.DelegatingMethodAccessorImpl.invoke(DelegatingMethodAccessorImpl.java:43)
	at java.lang.reflect.Method.invoke(Method.java:498)
	at org.springframework.boot.maven.AbstractRunMojo$LaunchRunner.run(AbstractRunMojo.java:496)
	at java.lang.Thread.run(Thread.java:748)
[2018-05-09 13:57:16] INFO [main] ContextStartEventHandler.onApplicationEvent(26) | context start applicationorg.springframework.jdbc.datasource.DriverManagerDataSource@18779e37
[2018-05-09 13:57:16] ERROR [main] ContextStartEventHandler.onApplicationEvent(32) | java.sql.SQLSyntaxErrorException: You have an error in your SQL syntax; check the manual that corresponds to your MariaDB server version for the right syntax to use near 'generated always as identity (start with 1, increment by 1), name varchar(100))' at line 1
java.sql.SQLSyntaxErrorException: You have an error in your SQL syntax; check the manual that corresponds to your MariaDB server version for the right syntax to use near 'generated always as identity (start with 1, increment by 1), name varchar(100))' at line 1
	at com.mysql.cj.jdbc.exceptions.SQLError.createSQLException(SQLError.java:536)
	at com.mysql.cj.jdbc.exceptions.SQLError.createSQLException(SQLError.java:513)
	at com.mysql.cj.jdbc.exceptions.SQLExceptionsMapping.translateException(SQLExceptionsMapping.java:115)
	at com.mysql.cj.jdbc.ConnectionImpl.execSQL(ConnectionImpl.java:1983)
	at com.mysql.cj.jdbc.StatementImpl.executeUpdateInternal(StatementImpl.java:1603)
	at com.mysql.cj.jdbc.StatementImpl.executeLargeUpdate(StatementImpl.java:2631)
	at com.mysql.cj.jdbc.StatementImpl.executeUpdate(StatementImpl.java:1529)
	at edu.hanoi.jazz.ContextStartEventHandler.createTable(ContextStartEventHandler.java:43)
	at edu.hanoi.jazz.ContextStartEventHandler.onApplicationEvent(ContextStartEventHandler.java:28)
	at edu.hanoi.jazz.ContextStartEventHandler.onApplicationEvent(ContextStartEventHandler.java:1)
	at org.springframework.context.event.SimpleApplicationEventMulticaster.doInvokeListener(SimpleApplicationEventMulticaster.java:172)
	at org.springframework.context.event.SimpleApplicationEventMulticaster.invokeListener(SimpleApplicationEventMulticaster.java:165)
	at org.springframework.context.event.SimpleApplicationEventMulticaster.multicastEvent(SimpleApplicationEventMulticaster.java:139)
	at org.springframework.context.support.AbstractApplicationContext.publishEvent(AbstractApplicationContext.java:400)
	at org.springframework.context.support.AbstractApplicationContext.publishEvent(AbstractApplicationContext.java:354)
	at org.springframework.context.support.AbstractApplicationContext.start(AbstractApplicationContext.java:1320)
	at edu.hanoi.jazz.SpringJazzApplication.main(SpringJazzApplication.java:14)
	at sun.reflect.NativeMethodAccessorImpl.invoke0(Native Method)
	at sun.reflect.NativeMethodAccessorImpl.invoke(NativeMethodAccessorImpl.java:62)
	at sun.reflect.DelegatingMethodAccessorImpl.invoke(DelegatingMethodAccessorImpl.java:43)
	at java.lang.reflect.Method.invoke(Method.java:498)
	at org.springframework.boot.maven.AbstractRunMojo$LaunchRunner.run(AbstractRunMojo.java:496)
	at java.lang.Thread.run(Thread.java:748)
[2018-05-09 14:02:36] INFO [main] ContextStartEventHandler.onApplicationEvent(26) | context start applicationorg.springframework.jdbc.datasource.DriverManagerDataSource@4cfcb129
[2018-05-09 14:02:36] ERROR [main] ContextStartEventHandler.onApplicationEvent(32) | java.sql.SQLSyntaxErrorException: You have an error in your SQL syntax; check the manual that corresponds to your MariaDB server version for the right syntax to use near 'generated always as identity (start with 1, increment by 1), name varchar(100))' at line 1
java.sql.SQLSyntaxErrorException: You have an error in your SQL syntax; check the manual that corresponds to your MariaDB server version for the right syntax to use near 'generated always as identity (start with 1, increment by 1), name varchar(100))' at line 1
	at com.mysql.cj.jdbc.exceptions.SQLError.createSQLException(SQLError.java:536)
	at com.mysql.cj.jdbc.exceptions.SQLError.createSQLException(SQLError.java:513)
	at com.mysql.cj.jdbc.exceptions.SQLExceptionsMapping.translateException(SQLExceptionsMapping.java:115)
	at com.mysql.cj.jdbc.ConnectionImpl.execSQL(ConnectionImpl.java:1983)
	at com.mysql.cj.jdbc.StatementImpl.executeUpdateInternal(StatementImpl.java:1603)
	at com.mysql.cj.jdbc.StatementImpl.executeLargeUpdate(StatementImpl.java:2631)
	at com.mysql.cj.jdbc.StatementImpl.executeUpdate(StatementImpl.java:1529)
	at edu.hanoi.jazz.ContextStartEventHandler.createTable(ContextStartEventHandler.java:43)
	at edu.hanoi.jazz.ContextStartEventHandler.onApplicationEvent(ContextStartEventHandler.java:28)
	at edu.hanoi.jazz.ContextStartEventHandler.onApplicationEvent(ContextStartEventHandler.java:17)
	at org.springframework.context.event.SimpleApplicationEventMulticaster.doInvokeListener(SimpleApplicationEventMulticaster.java:172)
	at org.springframework.context.event.SimpleApplicationEventMulticaster.invokeListener(SimpleApplicationEventMulticaster.java:165)
	at org.springframework.context.event.SimpleApplicationEventMulticaster.multicastEvent(SimpleApplicationEventMulticaster.java:139)
	at org.springframework.context.support.AbstractApplicationContext.publishEvent(AbstractApplicationContext.java:400)
	at org.springframework.context.support.AbstractApplicationContext.publishEvent(AbstractApplicationContext.java:354)
	at org.springframework.context.support.AbstractApplicationContext.start(AbstractApplicationContext.java:1320)
	at edu.hanoi.jazz.SpringJazzApplication.main(SpringJazzApplication.java:14)
	at sun.reflect.NativeMethodAccessorImpl.invoke0(Native Method)
	at sun.reflect.NativeMethodAccessorImpl.invoke(NativeMethodAccessorImpl.java:62)
	at sun.reflect.DelegatingMethodAccessorImpl.invoke(DelegatingMethodAccessorImpl.java:43)
	at java.lang.reflect.Method.invoke(Method.java:498)
	at org.springframework.boot.maven.AbstractRunMojo$LaunchRunner.run(AbstractRunMojo.java:496)
	at java.lang.Thread.run(Thread.java:748)
[2018-05-09 16:32:41] INFO [main] ContextStartEventHandler.onApplicationEvent(26) | context start applicationorg.springframework.jdbc.datasource.DriverManagerDataSource@44aea37b
[2018-05-09 16:32:41] ERROR [main] ContextStartEventHandler.onApplicationEvent(32) | java.sql.SQLSyntaxErrorException: You have an error in your SQL syntax; check the manual that corresponds to your MariaDB server version for the right syntax to use near 'generated always as identity (start with 1, increment by 1), name varchar(100))' at line 1
java.sql.SQLSyntaxErrorException: You have an error in your SQL syntax; check the manual that corresponds to your MariaDB server version for the right syntax to use near 'generated always as identity (start with 1, increment by 1), name varchar(100))' at line 1
	at com.mysql.cj.jdbc.exceptions.SQLError.createSQLException(SQLError.java:536)
	at com.mysql.cj.jdbc.exceptions.SQLError.createSQLException(SQLError.java:513)
	at com.mysql.cj.jdbc.exceptions.SQLExceptionsMapping.translateException(SQLExceptionsMapping.java:115)
	at com.mysql.cj.jdbc.ConnectionImpl.execSQL(ConnectionImpl.java:1983)
	at com.mysql.cj.jdbc.StatementImpl.executeUpdateInternal(StatementImpl.java:1603)
	at com.mysql.cj.jdbc.StatementImpl.executeLargeUpdate(StatementImpl.java:2631)
	at com.mysql.cj.jdbc.StatementImpl.executeUpdate(StatementImpl.java:1529)
	at edu.hanoi.jazz.ContextStartEventHandler.createTable(ContextStartEventHandler.java:43)
	at edu.hanoi.jazz.ContextStartEventHandler.onApplicationEvent(ContextStartEventHandler.java:28)
	at edu.hanoi.jazz.ContextStartEventHandler.onApplicationEvent(ContextStartEventHandler.java:17)
	at org.springframework.context.event.SimpleApplicationEventMulticaster.doInvokeListener(SimpleApplicationEventMulticaster.java:172)
	at org.springframework.context.event.SimpleApplicationEventMulticaster.invokeListener(SimpleApplicationEventMulticaster.java:165)
	at org.springframework.context.event.SimpleApplicationEventMulticaster.multicastEvent(SimpleApplicationEventMulticaster.java:139)
	at org.springframework.context.support.AbstractApplicationContext.publishEvent(AbstractApplicationContext.java:400)
	at org.springframework.context.support.AbstractApplicationContext.publishEvent(AbstractApplicationContext.java:354)
	at org.springframework.context.support.AbstractApplicationContext.start(AbstractApplicationContext.java:1320)
	at edu.hanoi.jazz.SpringJazzApplication.main(SpringJazzApplication.java:14)
	at sun.reflect.NativeMethodAccessorImpl.invoke0(Native Method)
	at sun.reflect.NativeMethodAccessorImpl.invoke(NativeMethodAccessorImpl.java:62)
	at sun.reflect.DelegatingMethodAccessorImpl.invoke(DelegatingMethodAccessorImpl.java:43)
	at java.lang.reflect.Method.invoke(Method.java:498)
	at org.springframework.boot.maven.AbstractRunMojo$LaunchRunner.run(AbstractRunMojo.java:496)
	at java.lang.Thread.run(Thread.java:748)
[2018-05-09 16:37:32] INFO [main] ContextStartEventHandler.onApplicationEvent(26) | context start applicationorg.springframework.jdbc.datasource.DriverManagerDataSource@44cbe6b9
[2018-05-09 16:37:32] ERROR [main] ContextStartEventHandler.onApplicationEvent(32) | java.sql.SQLSyntaxErrorException: You have an error in your SQL syntax; check the manual that corresponds to your MariaDB server version for the right syntax to use near 'generated always as identity (start with 1, increment by 1), name varchar(100))' at line 1
java.sql.SQLSyntaxErrorException: You have an error in your SQL syntax; check the manual that corresponds to your MariaDB server version for the right syntax to use near 'generated always as identity (start with 1, increment by 1), name varchar(100))' at line 1
	at com.mysql.cj.jdbc.exceptions.SQLError.createSQLException(SQLError.java:536)
	at com.mysql.cj.jdbc.exceptions.SQLError.createSQLException(SQLError.java:513)
	at com.mysql.cj.jdbc.exceptions.SQLExceptionsMapping.translateException(SQLExceptionsMapping.java:115)
	at com.mysql.cj.jdbc.ConnectionImpl.execSQL(ConnectionImpl.java:1983)
	at com.mysql.cj.jdbc.StatementImpl.executeUpdateInternal(StatementImpl.java:1603)
	at com.mysql.cj.jdbc.StatementImpl.executeLargeUpdate(StatementImpl.java:2631)
	at com.mysql.cj.jdbc.StatementImpl.executeUpdate(StatementImpl.java:1529)
	at edu.hanoi.jazz.ContextStartEventHandler.createTable(ContextStartEventHandler.java:43)
	at edu.hanoi.jazz.ContextStartEventHandler.onApplicationEvent(ContextStartEventHandler.java:28)
	at edu.hanoi.jazz.ContextStartEventHandler.onApplicationEvent(ContextStartEventHandler.java:17)
	at org.springframework.context.event.SimpleApplicationEventMulticaster.doInvokeListener(SimpleApplicationEventMulticaster.java:172)
	at org.springframework.context.event.SimpleApplicationEventMulticaster.invokeListener(SimpleApplicationEventMulticaster.java:165)
	at org.springframework.context.event.SimpleApplicationEventMulticaster.multicastEvent(SimpleApplicationEventMulticaster.java:139)
	at org.springframework.context.support.AbstractApplicationContext.publishEvent(AbstractApplicationContext.java:400)
	at org.springframework.context.support.AbstractApplicationContext.publishEvent(AbstractApplicationContext.java:354)
	at org.springframework.context.support.AbstractApplicationContext.start(AbstractApplicationContext.java:1320)
	at edu.hanoi.jazz.SpringJazzApplication.main(SpringJazzApplication.java:14)
	at sun.reflect.NativeMethodAccessorImpl.invoke0(Native Method)
	at sun.reflect.NativeMethodAccessorImpl.invoke(NativeMethodAccessorImpl.java:62)
	at sun.reflect.DelegatingMethodAccessorImpl.invoke(DelegatingMethodAccessorImpl.java:43)
	at java.lang.reflect.Method.invoke(Method.java:498)
	at org.springframework.boot.maven.AbstractRunMojo$LaunchRunner.run(AbstractRunMojo.java:496)
	at java.lang.Thread.run(Thread.java:748)
[2018-05-09 16:38:56] INFO [main] ContextStartEventHandler.onApplicationEvent(26) | context start applicationorg.springframework.jdbc.datasource.DriverManagerDataSource@309ace76
[2018-05-09 16:38:56] ERROR [main] ContextStartEventHandler.onApplicationEvent(32) | java.sql.SQLSyntaxErrorException: You have an error in your SQL syntax; check the manual that corresponds to your MariaDB server version for the right syntax to use near 'generated always as identity (start with 1, increment by 1), name varchar(100))' at line 1
java.sql.SQLSyntaxErrorException: You have an error in your SQL syntax; check the manual that corresponds to your MariaDB server version for the right syntax to use near 'generated always as identity (start with 1, increment by 1), name varchar(100))' at line 1
	at com.mysql.cj.jdbc.exceptions.SQLError.createSQLException(SQLError.java:536)
	at com.mysql.cj.jdbc.exceptions.SQLError.createSQLException(SQLError.java:513)
	at com.mysql.cj.jdbc.exceptions.SQLExceptionsMapping.translateException(SQLExceptionsMapping.java:115)
	at com.mysql.cj.jdbc.ConnectionImpl.execSQL(ConnectionImpl.java:1983)
	at com.mysql.cj.jdbc.StatementImpl.executeUpdateInternal(StatementImpl.java:1603)
	at com.mysql.cj.jdbc.StatementImpl.executeLargeUpdate(StatementImpl.java:2631)
	at com.mysql.cj.jdbc.StatementImpl.executeUpdate(StatementImpl.java:1529)
	at edu.hanoi.jazz.ContextStartEventHandler.createTable(ContextStartEventHandler.java:43)
	at edu.hanoi.jazz.ContextStartEventHandler.onApplicationEvent(ContextStartEventHandler.java:28)
	at edu.hanoi.jazz.ContextStartEventHandler.onApplicationEvent(ContextStartEventHandler.java:17)
	at org.springframework.context.event.SimpleApplicationEventMulticaster.doInvokeListener(SimpleApplicationEventMulticaster.java:172)
	at org.springframework.context.event.SimpleApplicationEventMulticaster.invokeListener(SimpleApplicationEventMulticaster.java:165)
	at org.springframework.context.event.SimpleApplicationEventMulticaster.multicastEvent(SimpleApplicationEventMulticaster.java:139)
	at org.springframework.context.support.AbstractApplicationContext.publishEvent(AbstractApplicationContext.java:400)
	at org.springframework.context.support.AbstractApplicationContext.publishEvent(AbstractApplicationContext.java:354)
	at org.springframework.context.support.AbstractApplicationContext.start(AbstractApplicationContext.java:1320)
	at edu.hanoi.jazz.SpringJazzApplication.main(SpringJazzApplication.java:14)
	at sun.reflect.NativeMethodAccessorImpl.invoke0(Native Method)
	at sun.reflect.NativeMethodAccessorImpl.invoke(NativeMethodAccessorImpl.java:62)
	at sun.reflect.DelegatingMethodAccessorImpl.invoke(DelegatingMethodAccessorImpl.java:43)
	at java.lang.reflect.Method.invoke(Method.java:498)
	at org.springframework.boot.maven.AbstractRunMojo$LaunchRunner.run(AbstractRunMojo.java:496)
	at java.lang.Thread.run(Thread.java:748)
[2018-05-09 16:58:06] INFO [main] ContextStartEventHandler.onApplicationEvent(26) | context start applicationorg.springframework.jdbc.datasource.DriverManagerDataSource@2b7687cd
[2018-05-09 16:58:06] ERROR [main] ContextStartEventHandler.onApplicationEvent(32) | java.sql.SQLSyntaxErrorException: You have an error in your SQL syntax; check the manual that corresponds to your MariaDB server version for the right syntax to use near 'generated always as identity (start with 1, increment by 1), name varchar(100))' at line 1
java.sql.SQLSyntaxErrorException: You have an error in your SQL syntax; check the manual that corresponds to your MariaDB server version for the right syntax to use near 'generated always as identity (start with 1, increment by 1), name varchar(100))' at line 1
	at com.mysql.cj.jdbc.exceptions.SQLError.createSQLException(SQLError.java:536)
	at com.mysql.cj.jdbc.exceptions.SQLError.createSQLException(SQLError.java:513)
	at com.mysql.cj.jdbc.exceptions.SQLExceptionsMapping.translateException(SQLExceptionsMapping.java:115)
	at com.mysql.cj.jdbc.ConnectionImpl.execSQL(ConnectionImpl.java:1983)
	at com.mysql.cj.jdbc.StatementImpl.executeUpdateInternal(StatementImpl.java:1603)
	at com.mysql.cj.jdbc.StatementImpl.executeLargeUpdate(StatementImpl.java:2631)
	at com.mysql.cj.jdbc.StatementImpl.executeUpdate(StatementImpl.java:1529)
	at edu.hanoi.jazz.ContextStartEventHandler.createTable(ContextStartEventHandler.java:43)
	at edu.hanoi.jazz.ContextStartEventHandler.onApplicationEvent(ContextStartEventHandler.java:28)
	at edu.hanoi.jazz.ContextStartEventHandler.onApplicationEvent(ContextStartEventHandler.java:1)
	at org.springframework.context.event.SimpleApplicationEventMulticaster.doInvokeListener(SimpleApplicationEventMulticaster.java:172)
	at org.springframework.context.event.SimpleApplicationEventMulticaster.invokeListener(SimpleApplicationEventMulticaster.java:165)
	at org.springframework.context.event.SimpleApplicationEventMulticaster.multicastEvent(SimpleApplicationEventMulticaster.java:139)
	at org.springframework.context.support.AbstractApplicationContext.publishEvent(AbstractApplicationContext.java:400)
	at org.springframework.context.support.AbstractApplicationContext.publishEvent(AbstractApplicationContext.java:354)
	at org.springframework.context.support.AbstractApplicationContext.start(AbstractApplicationContext.java:1320)
	at edu.hanoi.jazz.SpringJazzApplication.main(SpringJazzApplication.java:14)
	at sun.reflect.NativeMethodAccessorImpl.invoke0(Native Method)
	at sun.reflect.NativeMethodAccessorImpl.invoke(NativeMethodAccessorImpl.java:62)
	at sun.reflect.DelegatingMethodAccessorImpl.invoke(DelegatingMethodAccessorImpl.java:43)
	at java.lang.reflect.Method.invoke(Method.java:498)
	at org.springframework.boot.maven.AbstractRunMojo$LaunchRunner.run(AbstractRunMojo.java:496)
	at java.lang.Thread.run(Thread.java:748)
[2018-05-09 16:58:18] INFO [http-nio-8080-exec-4] GroupController.addNew(32) | add new group ------->edu.hanoi.jazz.dao.model.Group@6dc29584
[2018-05-09 16:58:26] INFO [http-nio-8080-exec-5] GroupController.addNew(32) | add new group ------->edu.hanoi.jazz.dao.model.Group@6a31eca3
[2018-05-09 16:58:50] INFO [http-nio-8080-exec-7] GroupController.addNew(32) | add new group ------->edu.hanoi.jazz.dao.model.Group@3e0bfede
